<?xml version="1.0" encoding="UTF-8"?>
<!-- Generated by org.testng.reporters.JUnitReportReporter -->
<testsuite hostname="kademani" failures="0" tests="1" name="testscripts.TC001" time="14.899" errors="0" timestamp="2022-03-26T01:20:45 IST" skipped="0">
  <testcase classname="testscripts.TC001" name="test" time="14.899"/>
  <system-out/>
</testsuite> <!-- testscripts.TC001 -->
